2026-02-06 21:01:08,828 - data_ingestion - ERROR - File not found: params.yaml
2026-02-06 21:01:08,828 - data_ingestion - ERROR - Failed to complete the data ingestion process: [Errno 2] No such file or directory: 'params.yaml'
2026-02-06 21:03:33,022 - data_ingestion - DEBUG - Parameters retrieved from params.yaml
2026-02-06 21:03:37,753 - data_ingestion - DEBUG - Data loaded from https://raw.githubusercontent.com/hassanimtiaz158/End-To-End-ML-Pipeline-using-DVC-and-AWS-S3/refs/heads/main/spam.csv
2026-02-06 21:03:37,769 - data_ingestion - DEBUG - Data preprocessing completed
2026-02-06 21:03:37,806 - data_ingestion - DEBUG - Train and test data saved to ./data\raw
2026-02-06 22:01:55,689 - data_ingestion - DEBUG - Parameters retrieved from params.yaml
2026-02-06 22:01:57,149 - data_ingestion - DEBUG - Data loaded from https://raw.githubusercontent.com/hassanimtiaz158/End-To-End-ML-Pipeline-using-DVC-and-AWS-S3/refs/heads/main/spam.csv
2026-02-06 22:01:57,160 - data_ingestion - DEBUG - Data preprocessing completed
2026-02-06 22:01:57,200 - data_ingestion - DEBUG - Train and test data saved to ./data\raw
2026-02-06 22:02:54,628 - data_ingestion - DEBUG - Parameters retrieved from params.yaml
2026-02-06 22:02:55,421 - data_ingestion - DEBUG - Data loaded from https://raw.githubusercontent.com/hassanimtiaz158/End-To-End-ML-Pipeline-using-DVC-and-AWS-S3/refs/heads/main/spam.csv
2026-02-06 22:02:55,424 - data_ingestion - DEBUG - Data preprocessing completed
2026-02-06 22:02:55,458 - data_ingestion - DEBUG - Train and test data saved to ./data\raw
2026-02-06 22:04:51,874 - data_ingestion - DEBUG - Parameters retrieved from params.yaml
2026-02-06 22:04:52,661 - data_ingestion - DEBUG - Data loaded from https://raw.githubusercontent.com/hassanimtiaz158/End-To-End-ML-Pipeline-using-DVC-and-AWS-S3/refs/heads/main/spam.csv
2026-02-06 22:04:52,676 - data_ingestion - DEBUG - Data preprocessing completed
2026-02-06 22:04:52,718 - data_ingestion - DEBUG - Train and test data saved to ./data\raw
2026-02-06 22:05:14,215 - data_ingestion - DEBUG - Parameters retrieved from params.yaml
2026-02-06 22:05:14,876 - data_ingestion - DEBUG - Data loaded from https://raw.githubusercontent.com/hassanimtiaz158/End-To-End-ML-Pipeline-using-DVC-and-AWS-S3/refs/heads/main/spam.csv
2026-02-06 22:05:14,878 - data_ingestion - DEBUG - Data preprocessing completed
2026-02-06 22:05:14,909 - data_ingestion - DEBUG - Train and test data saved to ./data\raw
