2026-02-06 21:07:59,924 - data_preprocessing - DEBUG - Data loaded properly
2026-02-06 21:07:59,925 - data_preprocessing - DEBUG - Starting preprocessing for DataFrame
2026-02-06 21:07:59,928 - data_preprocessing - DEBUG - Target column encoded
2026-02-06 21:07:59,947 - data_preprocessing - DEBUG - Duplicates removed
2026-02-06 21:07:59,957 - data_preprocessing - ERROR - Error during text normalization: 
**********************************************************************
  Resource [93mpunkt_tab[0m not found.
  Please use the NLTK Downloader to obtain the resource:

  [31m>>> import nltk
  >>> nltk.download('punkt_tab')
  [0m
  For more information see: https://www.nltk.org/data.html

  Attempted to load [93mtokenizers/punkt_tab/english/[0m

  Searched in:
    - 'C:\\Users\\ProBook/nltk_data'
    - 'C:\\Program Files\\Python312\\nltk_data'
    - 'C:\\Program Files\\Python312\\share\\nltk_data'
    - 'C:\\Program Files\\Python312\\lib\\nltk_data'
    - 'C:\\Users\\ProBook\\AppData\\Roaming\\nltk_data'
    - 'C:\\nltk_data'
    - 'D:\\nltk_data'
    - 'E:\\nltk_data'
**********************************************************************

2026-02-06 21:07:59,959 - data_preprocessing - ERROR - Failed to complete the data transformation process: 
**********************************************************************
  Resource [93mpunkt_tab[0m not found.
  Please use the NLTK Downloader to obtain the resource:

  [31m>>> import nltk
  >>> nltk.download('punkt_tab')
  [0m
  For more information see: https://www.nltk.org/data.html

  Attempted to load [93mtokenizers/punkt_tab/english/[0m

  Searched in:
    - 'C:\\Users\\ProBook/nltk_data'
    - 'C:\\Program Files\\Python312\\nltk_data'
    - 'C:\\Program Files\\Python312\\share\\nltk_data'
    - 'C:\\Program Files\\Python312\\lib\\nltk_data'
    - 'C:\\Users\\ProBook\\AppData\\Roaming\\nltk_data'
    - 'C:\\nltk_data'
    - 'D:\\nltk_data'
    - 'E:\\nltk_data'
**********************************************************************

2026-02-06 21:11:06,519 - data_preprocessing - DEBUG - Data loaded properly
2026-02-06 21:11:06,520 - data_preprocessing - DEBUG - Starting preprocessing for DataFrame
2026-02-06 21:11:06,523 - data_preprocessing - DEBUG - Target column encoded
2026-02-06 21:11:06,526 - data_preprocessing - DEBUG - Duplicates removed
2026-02-06 21:11:06,533 - data_preprocessing - ERROR - Error during text normalization: 
**********************************************************************
  Resource [93mpunkt_tab[0m not found.
  Please use the NLTK Downloader to obtain the resource:

  [31m>>> import nltk
  >>> nltk.download('punkt_tab')
  [0m
  For more information see: https://www.nltk.org/data.html

  Attempted to load [93mtokenizers/punkt_tab/english/[0m

  Searched in:
    - 'C:\\Users\\ProBook/nltk_data'
    - 'C:\\Program Files\\Python312\\nltk_data'
    - 'C:\\Program Files\\Python312\\share\\nltk_data'
    - 'C:\\Program Files\\Python312\\lib\\nltk_data'
    - 'C:\\Users\\ProBook\\AppData\\Roaming\\nltk_data'
    - 'C:\\nltk_data'
    - 'D:\\nltk_data'
    - 'E:\\nltk_data'
**********************************************************************

2026-02-06 21:11:06,534 - data_preprocessing - ERROR - Failed to complete the data transformation process: 
**********************************************************************
  Resource [93mpunkt_tab[0m not found.
  Please use the NLTK Downloader to obtain the resource:

  [31m>>> import nltk
  >>> nltk.download('punkt_tab')
  [0m
  For more information see: https://www.nltk.org/data.html

  Attempted to load [93mtokenizers/punkt_tab/english/[0m

  Searched in:
    - 'C:\\Users\\ProBook/nltk_data'
    - 'C:\\Program Files\\Python312\\nltk_data'
    - 'C:\\Program Files\\Python312\\share\\nltk_data'
    - 'C:\\Program Files\\Python312\\lib\\nltk_data'
    - 'C:\\Users\\ProBook\\AppData\\Roaming\\nltk_data'
    - 'C:\\nltk_data'
    - 'D:\\nltk_data'
    - 'E:\\nltk_data'
**********************************************************************

2026-02-06 21:13:04,919 - data_preprocessing - DEBUG - Data loaded properly
2026-02-06 21:13:04,920 - data_preprocessing - DEBUG - Starting preprocessing for DataFrame
2026-02-06 21:13:04,922 - data_preprocessing - DEBUG - Target column encoded
2026-02-06 21:13:04,927 - data_preprocessing - DEBUG - Duplicates removed
2026-02-06 21:13:26,088 - data_preprocessing - DEBUG - Text column transformed
2026-02-06 21:13:26,089 - data_preprocessing - DEBUG - Starting preprocessing for DataFrame
2026-02-06 21:13:26,091 - data_preprocessing - DEBUG - Target column encoded
2026-02-06 21:13:26,097 - data_preprocessing - DEBUG - Duplicates removed
2026-02-06 21:13:32,002 - data_preprocessing - DEBUG - Text column transformed
2026-02-06 21:13:32,032 - data_preprocessing - DEBUG - Processed data saved to ./data\interim
2026-02-06 22:05:22,405 - data_preprocessing - DEBUG - Data loaded properly
2026-02-06 22:05:22,407 - data_preprocessing - DEBUG - Starting preprocessing for DataFrame
2026-02-06 22:05:22,412 - data_preprocessing - DEBUG - Target column encoded
2026-02-06 22:05:22,426 - data_preprocessing - DEBUG - Duplicates removed
2026-02-06 22:05:49,849 - data_preprocessing - DEBUG - Text column transformed
2026-02-06 22:05:49,850 - data_preprocessing - DEBUG - Starting preprocessing for DataFrame
2026-02-06 22:05:49,853 - data_preprocessing - DEBUG - Target column encoded
2026-02-06 22:05:49,860 - data_preprocessing - DEBUG - Duplicates removed
2026-02-06 22:05:55,198 - data_preprocessing - DEBUG - Text column transformed
2026-02-06 22:05:55,215 - data_preprocessing - DEBUG - Processed data saved to ./data\interim
2026-02-06 22:06:22,302 - data_preprocessing - DEBUG - Data loaded properly
2026-02-06 22:06:22,303 - data_preprocessing - DEBUG - Starting preprocessing for DataFrame
2026-02-06 22:06:22,309 - data_preprocessing - DEBUG - Target column encoded
2026-02-06 22:06:22,316 - data_preprocessing - DEBUG - Duplicates removed
2026-02-06 22:06:55,767 - data_preprocessing - DEBUG - Text column transformed
2026-02-06 22:06:55,768 - data_preprocessing - DEBUG - Starting preprocessing for DataFrame
2026-02-06 22:06:55,773 - data_preprocessing - DEBUG - Target column encoded
2026-02-06 22:06:55,778 - data_preprocessing - DEBUG - Duplicates removed
2026-02-06 22:07:03,516 - data_preprocessing - DEBUG - Text column transformed
2026-02-06 22:07:03,538 - data_preprocessing - DEBUG - Processed data saved to ./data\interim
